TN:
SF:src/KipuBankV3.sol
DA:88,3
FN:88,KipuBankV3.nonZeroAmount
FNDA:3,KipuBankV3.nonZeroAmount
DA:89,3
DA:103,6
FN:103,KipuBankV3.constructor
FNDA:6,KipuBankV3.constructor
DA:112,6
DA:113,6
DA:114,6
DA:115,6
DA:116,0
BRDA:116,0,0,-
DA:117,0
DA:121,6
DA:122,6
DA:123,6
DA:124,6
DA:125,6
DA:133,0
FN:133,KipuBankV3.receive
FNDA:0,KipuBankV3.receive
DA:134,0
DA:147,3
FN:147,KipuBankV3.depositUsdc
FNDA:3,KipuBankV3.depositUsdc
DA:152,3
DA:155,2
DA:158,2
DA:161,2
DA:168,2
FN:168,KipuBankV3.depositNativeEth
FNDA:2,KipuBankV3.depositNativeEth
DA:180,2
DA:184,2
DA:187,2
DA:194,1
DA:200,1
DA:202,1
DA:214,0
FN:214,KipuBankV3.depositToken
FNDA:0,KipuBankV3.depositToken
DA:226,0
BRDA:226,1,0,-
DA:229,0
DA:230,0
DA:231,0
DA:232,0
DA:235,0
DA:240,0
DA:243,0
DA:248,0
DA:251,0
DA:261,0
DA:263,0
DA:276,1
FN:276,KipuBankV3.withdrawUsdc
FNDA:1,KipuBankV3.withdrawUsdc
DA:284,1
DA:285,1
BRDA:285,2,0,-
DA:293,1
DA:294,1
DA:301,1
DA:303,1
DA:307,1
FN:307,KipuBankV3._swapEthToUsdc
FNDA:1,KipuBankV3._swapEthToUsdc
DA:311,1
DA:312,1
DA:313,1
DA:315,1
DA:317,1
DA:324,1
DA:325,1
DA:327,1
BRDA:327,3,0,-
DA:328,0
DA:332,0
FN:332,KipuBankV3._swapTokenToUsdc
FNDA:0,KipuBankV3._swapTokenToUsdc
DA:344,0
DA:347,0
DA:350,0
DA:353,0
DA:362,0
DA:363,0
DA:366,0
BRDA:366,4,0,-
DA:367,0
DA:372,5
FN:372,KipuBankV3._checkBankCap
FNDA:5,KipuBankV3._checkBankCap
DA:373,5
DA:374,5
BRDA:374,5,0,2
DA:375,2
DA:388,3
FN:388,KipuBankV3.getBalance
FNDA:3,KipuBankV3.getBalance
DA:389,3
DA:392,0
FN:392,KipuBankV3.getEthValueInUsd
FNDA:0,KipuBankV3.getEthValueInUsd
DA:394,2
DA:396,2
DA:399,2
FN:399,KipuBankV3._getUsdcValueFromUsd
FNDA:2,KipuBankV3._getUsdcValueFromUsd
DA:405,2
DA:418,3
FN:418,KipuBankV3._creditUsdc
FNDA:3,KipuBankV3._creditUsdc
DA:419,3
DA:420,3
DA:423,3
DA:424,3
DA:428,6
FN:428,KipuBankV3._nonZeroAmount
FNDA:6,KipuBankV3._nonZeroAmount
DA:429,6
BRDA:429,6,0,-
FNF:15
FNH:11
LF:85
LH:57
BRF:7
BRH:1
end_of_record
TN:
SF:test/mocks/MockAggregator.sol
DA:7,1
FN:7,MockAggregator.setLatestAnswer
FNDA:1,MockAggregator.setLatestAnswer
DA:8,1
DA:11,1
FN:11,MockAggregator.latestRoundData
FNDA:1,MockAggregator.latestRoundData
DA:16,1
FNF:2
FNH:2
LF:4
LH:4
BRF:0
BRH:0
end_of_record
TN:
SF:test/mocks/MockERC20.sol
DA:9,5
FN:9,MockERC20.constructor
FNDA:5,MockERC20.constructor
DA:10,5
DA:13,0
FN:13,MockERC20.decimals
FNDA:0,MockERC20.decimals
DA:14,0
DA:17,16
FN:17,MockERC20.mint
FNDA:16,MockERC20.mint
DA:18,16
FNF:3
FNH:2
LF:6
LH:4
BRF:0
BRH:0
end_of_record
TN:
SF:test/mocks/MockUniswapV2Router.sol
DA:10,5
FN:10,MockUniswapV2Router02.constructor
FNDA:5,MockUniswapV2Router02.constructor
DA:11,5
DA:12,5
DA:16,0
FN:16,MockUniswapV2Router02.WETH
FNDA:0,MockUniswapV2Router02.WETH
DA:17,0
DA:23,1
FN:23,MockUniswapV2Router02.swapExactETHForTokens
FNDA:1,MockUniswapV2Router02.swapExactETHForTokens
DA:31,1
DA:34,1
DA:35,1
DA:36,1
DA:39,1
BRDA:39,0,0,-
BRDA:39,0,1,1
DA:41,1
DA:45,0
FN:45,MockUniswapV2Router02.swapExactTokensForTokens
FNDA:0,MockUniswapV2Router02.swapExactTokensForTokens
DA:55,0
DA:56,0
DA:57,0
DA:58,0
DA:60,0
BRDA:60,1,0,-
BRDA:60,1,1,-
DA:61,0
DA:65,0
FN:65,MockUniswapV2Router02.getAmountsOut
FNDA:0,MockUniswapV2Router02.getAmountsOut
DA:66,0
DA:67,0
DA:70,0
BRDA:70,2,0,-
BRDA:70,2,1,-
DA:72,0
BRDA:72,3,0,-
BRDA:72,3,1,-
DA:74,0
DA:75,0
DA:78,0
DA:82,0
DA:84,0
FNF:5
FNH:2
LF:29
LH:10
BRF:8
BRH:1
end_of_record
